[debug] [2021-06-13T06:03:53.634Z] ----------------------------------------------------------------------
[debug] [2021-06-13T06:03:53.636Z] Command:       C:\Program Files\nodejs\node.exe C:\Users\Rod\AppData\Roaming\npm\node_modules\firebase-tools\lib\bin\firebase.js init
[debug] [2021-06-13T06:03:53.637Z] CLI Version:   9.2.2
[debug] [2021-06-13T06:03:53.637Z] Platform:      win32
[debug] [2021-06-13T06:03:53.637Z] Node Version:  v12.18.0
[debug] [2021-06-13T06:03:53.638Z] Time:          Sat Jun 12 2021 23:03:53 GMT-0700 (Pacific Daylight Time)
[debug] [2021-06-13T06:03:53.639Z] ----------------------------------------------------------------------
[debug] [2021-06-13T06:03:53.639Z] 
[debug] [2021-06-13T06:03:53.646Z] > command requires scopes: ["email","openid","https://www.googleapis.com/auth/cloudplatformprojects.readonly","https://www.googleapis.com/auth/firebase","https://www.googleapis.com/auth/cloud-platform"]
[debug] [2021-06-13T06:03:53.647Z] > authorizing via signed-in user
[info] 
     ######## #### ########  ######## ########     ###     ######  ########
     ##        ##  ##     ## ##       ##     ##  ##   ##  ##       ##
     ######    ##  ########  ######   ########  #########  ######  ######
     ##        ##  ##    ##  ##       ##     ## ##     ##       ## ##
     ##       #### ##     ## ######## ########  ##     ##  ######  ########

You're about to initialize a Firebase project in this directory:

  C:\Users\Rod\Desktop\WiE\GarbageCollectorRobot

Before we get started, keep in mind:

  * You are initializing in an existing Firebase project directory

[info] 
=== Project Setup
[info] 
[info] First, let's associate this project directory with a Firebase project.
[info] You can create multiple project aliases by running firebase use --add, 
[info] but for now we'll just set up a default project.
[info] 
[info] i  .firebaserc already has a default project, using wiesfu-garbage-collector-robot. 
[debug] [2021-06-13T06:03:58.131Z] >>> [apiv2][query] GET https://firebase.googleapis.com/v1beta1/projects/wiesfu-garbage-collector-robot [none]
[debug] [2021-06-13T06:03:58.328Z] <<< [apiv2][status] GET https://firebase.googleapis.com/v1beta1/projects/wiesfu-garbage-collector-robot 200
[debug] [2021-06-13T06:03:58.328Z] <<< [apiv2][body] GET https://firebase.googleapis.com/v1beta1/projects/wiesfu-garbage-collector-robot {"projectId":"wiesfu-garbage-collector-robot","projectNumber":"336219058551","displayName":"wie-garbage-collector-robot","name":"projects/wiesfu-garbage-collector-robot","resources":{"hostingSite":"wiesfu-garbage-collector-robot","realtimeDatabaseInstance":"wiesfu-garbage-collector-robot"},"state":"ACTIVE"}
[info] 
=== Hosting Setup
[info] 
[info] Your public directory is the folder (relative to your project directory) that
[info] will contain Hosting assets to be uploaded with firebase deploy. If you
[info] have a build process for your assets, use your build's output directory.
[info] 
[debug] [2021-06-13T06:04:03.362Z] >>> [apiv2][query] GET https://www.gstatic.com/firebasejs/releases.json [none]
[debug] [2021-06-13T06:04:03.416Z] <<< [apiv2][status] GET https://www.gstatic.com/firebasejs/releases.json 200
[debug] [2021-06-13T06:04:03.417Z] <<< [apiv2][body] GET https://www.gstatic.com/firebasejs/releases.json {"current":{"version":"8.6.7","browserURL":"https://www.gstatic.com/firebasejs/8.6.7/firebase.js","packageURL":"https://www.gstatic.com/firebasejs/8.6.7/firebase.tgz"},"live":{"version":"8.6","browserURL":"https://www.gstatic.com/firebasejs/live/8.6/firebase.js","packageURL":"https://www.gstatic.com/firebasejs/live/8.6/firebase.tgz"},"components":{"analytics":"https://www.gstatic.com/firebasejs/8.6.7/firebase-analytics.js","app":"https://www.gstatic.com/firebasejs/8.6.7/firebase-app.js","app-check":"https://www.gstatic.com/firebasejs/8.6.7/firebase-app-check.js","auth":"https://www.gstatic.com/firebasejs/8.6.7/firebase-auth.js","database":"https://www.gstatic.com/firebasejs/8.6.7/firebase-database.js","firestore":"https://www.gstatic.com/firebasejs/8.6.7/firebase-firestore.js","functions":"https://www.gstatic.com/firebasejs/8.6.7/firebase-functions.js","installations":"https://www.gstatic.com/firebasejs/8.6.7/firebase-installations.js","messaging":"https://www.gstatic.com/firebasejs/8.6.7/firebase-messaging.js","storage":"https://www.gstatic.com/firebasejs/8.6.7/firebase-storage.js","performance":"https://www.gstatic.com/firebasejs/8.6.7/firebase-performance.js","remote-config":"https://www.gstatic.com/firebasejs/8.6.7/firebase-remote-config.js","firestore.memory":"https://www.gstatic.com/firebasejs/8.6.7/firebase-firestore.memory.js"}}
[info] i  Skipping write of build/index.html 
[info] 
[info] i  Detected a .git folder at C:\Users\Rod\Desktop\WiE\GarbageCollectorRobot 
[info] i  Authorizing with GitHub to upload your service account to a GitHub repository's secrets store. 
[info] 
[info] Visit this URL on this device to log in:
[info] https://github.com/login/oauth/authorize?client_id=89cf50f02ac6aaed3484&state=868853889&redirect_uri=http%3A%2F%2Flocalhost%3A9005&scope=read%3Auser%20repo%20public_repo
[info] 
[info] Waiting for authentication...
[debug] [2021-06-13T06:04:06.879Z] >>> HTTP REQUEST POST https://github.com/login/oauth/access_token  
 {"client_id":"89cf50f02ac6aaed3484","client_secret":"3330d14abc895d9a74d5f17cd7a00711fa2c5bf0","code":"72ddd0c83f7f99465780","redirect_uri":"http://localhost:9005","state":"868853889"}
[debug] [2021-06-13T06:04:07.771Z] <<< HTTP RESPONSE 200 {"server":"GitHub.com","date":"Sun, 13 Jun 2021 06:04:07 GMT","content-type":"application/json; charset=utf-8","transfer-encoding":"chunked","vary":"X-PJAX, Accept-Encoding, Accept, X-Requested-With","permissions-policy":"interest-cohort=()","etag":"W/\"3e68b54a18b49fce8e15f27e58674674\"","cache-control":"max-age=0, private, must-revalidate","strict-transport-security":"max-age=31536000; includeSubdomains; preload","x-frame-options":"deny","x-content-type-options":"nosniff","x-xss-protection":"0","referrer-policy":"origin-when-cross-origin, strict-origin-when-cross-origin","expect-ct":"max-age=2592000, report-uri=\"https://api.github.com/_private/browser/errors\"","content-security-policy":"default-src 'none'; base-uri 'self'; block-all-mixed-content; connect-src 'self' uploads.github.com www.githubstatus.com collector.githubapp.com api.github.com github-cloud.s3.amazonaws.com github-production-repository-file-5c1aeb.s3.amazonaws.com github-production-upload-manifest-file-7fdce7.s3.amazonaws.com github-production-user-asset-6210df.s3.amazonaws.com html-translator.herokuapp.com cdn.optimizely.com logx.optimizely.com/v1/events wss://alive.github.com; font-src github.githubassets.com; form-action 'self' github.com gist.github.com; frame-ancestors 'none'; frame-src render.githubusercontent.com; img-src 'self' data: github.githubassets.com identicons.github.com collector.githubapp.com github-cloud.s3.amazonaws.com secured-user-images.githubusercontent.com/ *.githubusercontent.com; manifest-src 'self'; media-src 'none'; script-src github.githubassets.com; style-src 'unsafe-inline' github.githubassets.com; worker-src github.com/socket-worker-3f088aa2.js gist.github.com/socket-worker-3f088aa2.js","x-github-request-id":"C6A0:4E62:14121CB:195A496:60C59FD7"}
[debug] [2021-06-13T06:04:07.772Z] >>> [apiv2][query] GET https://api.github.com/user [none]
[debug] [2021-06-13T06:04:08.085Z] <<< [apiv2][status] GET https://api.github.com/user 200
[debug] [2021-06-13T06:04:08.085Z] <<< [apiv2][body] GET https://api.github.com/user {"login":"dbigueta","id":37463552,"node_id":"MDQ6VXNlcjM3NDYzNTUy","avatar_url":"https://avatars.githubusercontent.com/u/37463552?v=4","gravatar_id":"","url":"https://api.github.com/users/dbigueta","html_url":"https://github.com/dbigueta","followers_url":"https://api.github.com/users/dbigueta/followers","following_url":"https://api.github.com/users/dbigueta/following{/other_user}","gists_url":"https://api.github.com/users/dbigueta/gists{/gist_id}","starred_url":"https://api.github.com/users/dbigueta/starred{/owner}{/repo}","subscriptions_url":"https://api.github.com/users/dbigueta/subscriptions","organizations_url":"https://api.github.com/users/dbigueta/orgs","repos_url":"https://api.github.com/users/dbigueta/repos","events_url":"https://api.github.com/users/dbigueta/events{/privacy}","received_events_url":"https://api.github.com/users/dbigueta/received_events","type":"User","site_admin":false,"name":"Dexter Bigueta","company":null,"blog":"","location":null,"email":null,"hireable":null,"bio":"\")","twitter_username":null,"public_repos":5,"public_gists":0,"followers":0,"following":0,"created_at":"2018-03-17T02:43:17Z","updated_at":"2021-05-22T21:09:33Z","private_gists":0,"total_private_repos":1,"owned_private_repos":1,"disk_usage":49833,"collaborators":0,"two_factor_authentication":false,"plan":{"name":"pro","space":976562499,"collaborators":0,"private_repos":9999}}
[info] 
[info] +  Success! Logged into GitHub as dbigueta 
[info] 
[debug] [2021-06-13T06:05:02.296Z] >>> [apiv2][query] GET https://api.github.com/repos/wiedesign/GarbageCollectorRobot/actions/secrets/public-key type=owner
[debug] [2021-06-13T06:05:02.649Z] <<< [apiv2][status] GET https://api.github.com/repos/wiedesign/GarbageCollectorRobot/actions/secrets/public-key 403
[debug] [2021-06-13T06:05:02.650Z] <<< [apiv2][body] GET https://api.github.com/repos/wiedesign/GarbageCollectorRobot/actions/secrets/public-key {"message":"Must have admin rights to Repository.","documentation_url":"https://docs.github.com/rest/reference/actions#get-a-repository-public-key"}
[debug] [2021-06-13T06:05:27.638Z] ----------------------------------------------------------------------
[debug] [2021-06-13T06:05:27.641Z] Command:       C:\Program Files\nodejs\node.exe C:\Users\Rod\AppData\Roaming\npm\node_modules\firebase-tools\lib\bin\firebase.js init
[debug] [2021-06-13T06:05:27.641Z] CLI Version:   9.2.2
[debug] [2021-06-13T06:05:27.641Z] Platform:      win32
[debug] [2021-06-13T06:05:27.641Z] Node Version:  v12.18.0
[debug] [2021-06-13T06:05:27.643Z] Time:          Sat Jun 12 2021 23:05:27 GMT-0700 (Pacific Daylight Time)
[debug] [2021-06-13T06:05:27.643Z] ----------------------------------------------------------------------
[debug] [2021-06-13T06:05:27.643Z] 
[debug] [2021-06-13T06:05:27.651Z] > command requires scopes: ["email","openid","https://www.googleapis.com/auth/cloudplatformprojects.readonly","https://www.googleapis.com/auth/firebase","https://www.googleapis.com/auth/cloud-platform"]
[debug] [2021-06-13T06:05:27.652Z] > authorizing via signed-in user
[info] 
     ######## #### ########  ######## ########     ###     ######  ########
     ##        ##  ##     ## ##       ##     ##  ##   ##  ##       ##
     ######    ##  ########  ######   ########  #########  ######  ######
     ##        ##  ##    ##  ##       ##     ## ##     ##       ## ##
     ##       #### ##     ## ######## ########  ##     ##  ######  ########

You're about to initialize a Firebase project in this directory:

  C:\Users\Rod\Desktop\WiE\GarbageCollectorRobot

Before we get started, keep in mind:

  * You are initializing in an existing Firebase project directory

[info] 
=== Project Setup
[info] 
[info] First, let's associate this project directory with a Firebase project.
[info] You can create multiple project aliases by running firebase use --add, 
[info] but for now we'll just set up a default project.
[info] 
[info] i  .firebaserc already has a default project, using wiesfu-garbage-collector-robot. 
[debug] [2021-06-13T06:05:38.482Z] >>> [apiv2][query] GET https://firebase.googleapis.com/v1beta1/projects/wiesfu-garbage-collector-robot [none]
[debug] [2021-06-13T06:05:38.800Z] <<< [apiv2][status] GET https://firebase.googleapis.com/v1beta1/projects/wiesfu-garbage-collector-robot 200
[debug] [2021-06-13T06:05:38.800Z] <<< [apiv2][body] GET https://firebase.googleapis.com/v1beta1/projects/wiesfu-garbage-collector-robot {"projectId":"wiesfu-garbage-collector-robot","projectNumber":"336219058551","displayName":"wie-garbage-collector-robot","name":"projects/wiesfu-garbage-collector-robot","resources":{"hostingSite":"wiesfu-garbage-collector-robot","realtimeDatabaseInstance":"wiesfu-garbage-collector-robot"},"state":"ACTIVE"}
[info] 
=== Hosting Setup
[info] 
[info] Your public directory is the folder (relative to your project directory) that
[info] will contain Hosting assets to be uploaded with firebase deploy. If you
[info] have a build process for your assets, use your build's output directory.
[info] 
[debug] [2021-06-13T06:05:44.841Z] >>> [apiv2][query] GET https://www.gstatic.com/firebasejs/releases.json [none]
[debug] [2021-06-13T06:05:44.882Z] <<< [apiv2][status] GET https://www.gstatic.com/firebasejs/releases.json 200
[debug] [2021-06-13T06:05:44.882Z] <<< [apiv2][body] GET https://www.gstatic.com/firebasejs/releases.json {"current":{"version":"8.6.7","browserURL":"https://www.gstatic.com/firebasejs/8.6.7/firebase.js","packageURL":"https://www.gstatic.com/firebasejs/8.6.7/firebase.tgz"},"live":{"version":"8.6","browserURL":"https://www.gstatic.com/firebasejs/live/8.6/firebase.js","packageURL":"https://www.gstatic.com/firebasejs/live/8.6/firebase.tgz"},"components":{"analytics":"https://www.gstatic.com/firebasejs/8.6.7/firebase-analytics.js","app":"https://www.gstatic.com/firebasejs/8.6.7/firebase-app.js","app-check":"https://www.gstatic.com/firebasejs/8.6.7/firebase-app-check.js","auth":"https://www.gstatic.com/firebasejs/8.6.7/firebase-auth.js","database":"https://www.gstatic.com/firebasejs/8.6.7/firebase-database.js","firestore":"https://www.gstatic.com/firebasejs/8.6.7/firebase-firestore.js","functions":"https://www.gstatic.com/firebasejs/8.6.7/firebase-functions.js","installations":"https://www.gstatic.com/firebasejs/8.6.7/firebase-installations.js","messaging":"https://www.gstatic.com/firebasejs/8.6.7/firebase-messaging.js","storage":"https://www.gstatic.com/firebasejs/8.6.7/firebase-storage.js","performance":"https://www.gstatic.com/firebasejs/8.6.7/firebase-performance.js","remote-config":"https://www.gstatic.com/firebasejs/8.6.7/firebase-remote-config.js","firestore.memory":"https://www.gstatic.com/firebasejs/8.6.7/firebase-firestore.memory.js"}}
[info] i  Skipping write of build/index.html 
[info] 
[info] i  Detected a .git folder at C:\Users\Rod\Desktop\WiE\GarbageCollectorRobot 
[info] i  Authorizing with GitHub to upload your service account to a GitHub repository's secrets store. 
[info] 
[info] Visit this URL on this device to log in:
[info] https://github.com/login/oauth/authorize?client_id=89cf50f02ac6aaed3484&state=456574924&redirect_uri=http%3A%2F%2Flocalhost%3A9005&scope=read%3Auser%20repo%20public_repo
[info] 
[info] Waiting for authentication...
[debug] [2021-06-13T06:05:46.884Z] >>> HTTP REQUEST POST https://github.com/login/oauth/access_token  
 {"client_id":"89cf50f02ac6aaed3484","client_secret":"3330d14abc895d9a74d5f17cd7a00711fa2c5bf0","code":"232e130a3aca0e45c270","redirect_uri":"http://localhost:9005","state":"456574924"}
[debug] [2021-06-13T06:05:47.201Z] <<< HTTP RESPONSE 200 {"server":"GitHub.com","date":"Sun, 13 Jun 2021 06:05:47 GMT","content-type":"application/json; charset=utf-8","transfer-encoding":"chunked","vary":"X-PJAX, Accept-Encoding, Accept, X-Requested-With","permissions-policy":"interest-cohort=()","etag":"W/\"e1e958cb4ae93ea208611a92abdfe986\"","cache-control":"max-age=0, private, must-revalidate","strict-transport-security":"max-age=31536000; includeSubdomains; preload","x-frame-options":"deny","x-content-type-options":"nosniff","x-xss-protection":"0","referrer-policy":"origin-when-cross-origin, strict-origin-when-cross-origin","expect-ct":"max-age=2592000, report-uri=\"https://api.github.com/_private/browser/errors\"","content-security-policy":"default-src 'none'; base-uri 'self'; block-all-mixed-content; connect-src 'self' uploads.github.com www.githubstatus.com collector.githubapp.com api.github.com github-cloud.s3.amazonaws.com github-production-repository-file-5c1aeb.s3.amazonaws.com github-production-upload-manifest-file-7fdce7.s3.amazonaws.com github-production-user-asset-6210df.s3.amazonaws.com html-translator.herokuapp.com cdn.optimizely.com logx.optimizely.com/v1/events wss://alive.github.com; font-src github.githubassets.com; form-action 'self' github.com gist.github.com; frame-ancestors 'none'; frame-src render.githubusercontent.com; img-src 'self' data: github.githubassets.com identicons.github.com collector.githubapp.com github-cloud.s3.amazonaws.com secured-user-images.githubusercontent.com/ *.githubusercontent.com; manifest-src 'self'; media-src 'none'; script-src github.githubassets.com; style-src 'unsafe-inline' github.githubassets.com; worker-src github.com/socket-worker-3f088aa2.js gist.github.com/socket-worker-3f088aa2.js","x-github-request-id":"C6B0:16BC:252E07:59703A:60C5A03B"}
[debug] [2021-06-13T06:05:47.202Z] >>> [apiv2][query] GET https://api.github.com/user [none]
[debug] [2021-06-13T06:05:47.535Z] <<< [apiv2][status] GET https://api.github.com/user 200
[debug] [2021-06-13T06:05:47.535Z] <<< [apiv2][body] GET https://api.github.com/user {"login":"dbigueta","id":37463552,"node_id":"MDQ6VXNlcjM3NDYzNTUy","avatar_url":"https://avatars.githubusercontent.com/u/37463552?v=4","gravatar_id":"","url":"https://api.github.com/users/dbigueta","html_url":"https://github.com/dbigueta","followers_url":"https://api.github.com/users/dbigueta/followers","following_url":"https://api.github.com/users/dbigueta/following{/other_user}","gists_url":"https://api.github.com/users/dbigueta/gists{/gist_id}","starred_url":"https://api.github.com/users/dbigueta/starred{/owner}{/repo}","subscriptions_url":"https://api.github.com/users/dbigueta/subscriptions","organizations_url":"https://api.github.com/users/dbigueta/orgs","repos_url":"https://api.github.com/users/dbigueta/repos","events_url":"https://api.github.com/users/dbigueta/events{/privacy}","received_events_url":"https://api.github.com/users/dbigueta/received_events","type":"User","site_admin":false,"name":"Dexter Bigueta","company":null,"blog":"","location":null,"email":null,"hireable":null,"bio":"\")","twitter_username":null,"public_repos":5,"public_gists":0,"followers":0,"following":0,"created_at":"2018-03-17T02:43:17Z","updated_at":"2021-05-22T21:09:33Z","private_gists":0,"total_private_repos":1,"owned_private_repos":1,"disk_usage":49833,"collaborators":0,"two_factor_authentication":false,"plan":{"name":"pro","space":976562499,"collaborators":0,"private_repos":9999}}
[info] 
[info] +  Success! Logged into GitHub as dbigueta 
[info] 
[debug] [2021-06-13T06:06:25.280Z] >>> [apiv2][query] GET https://api.github.com/repos/wiedesign/GarbageCollectorRobot/actions/secrets/public-key type=owner
[debug] [2021-06-13T06:06:25.565Z] <<< [apiv2][status] GET https://api.github.com/repos/wiedesign/GarbageCollectorRobot/actions/secrets/public-key 403
[debug] [2021-06-13T06:06:25.565Z] <<< [apiv2][body] GET https://api.github.com/repos/wiedesign/GarbageCollectorRobot/actions/secrets/public-key {"message":"Must have admin rights to Repository.","documentation_url":"https://docs.github.com/rest/reference/actions#get-a-repository-public-key"}
[debug] [2021-06-13T06:08:45.468Z] ----------------------------------------------------------------------
[debug] [2021-06-13T06:08:45.471Z] Command:       C:\Program Files\nodejs\node.exe C:\Users\Rod\AppData\Roaming\npm\node_modules\firebase-tools\lib\bin\firebase.js init
[debug] [2021-06-13T06:08:45.471Z] CLI Version:   9.2.2
[debug] [2021-06-13T06:08:45.471Z] Platform:      win32
[debug] [2021-06-13T06:08:45.471Z] Node Version:  v12.18.0
[debug] [2021-06-13T06:08:45.473Z] Time:          Sat Jun 12 2021 23:08:45 GMT-0700 (Pacific Daylight Time)
[debug] [2021-06-13T06:08:45.473Z] ----------------------------------------------------------------------
[debug] [2021-06-13T06:08:45.473Z] 
[debug] [2021-06-13T06:08:45.480Z] > command requires scopes: ["email","openid","https://www.googleapis.com/auth/cloudplatformprojects.readonly","https://www.googleapis.com/auth/firebase","https://www.googleapis.com/auth/cloud-platform"]
[debug] [2021-06-13T06:08:45.481Z] > authorizing via signed-in user
[info] 
     ######## #### ########  ######## ########     ###     ######  ########
     ##        ##  ##     ## ##       ##     ##  ##   ##  ##       ##
     ######    ##  ########  ######   ########  #########  ######  ######
     ##        ##  ##    ##  ##       ##     ## ##     ##       ## ##
     ##       #### ##     ## ######## ########  ##     ##  ######  ########

You're about to initialize a Firebase project in this directory:

  C:\Users\Rod\Desktop\WiE\GarbageCollectorRobot

Before we get started, keep in mind:

  * You are initializing in an existing Firebase project directory

[info] 
=== Project Setup
[info] 
[info] First, let's associate this project directory with a Firebase project.
[info] You can create multiple project aliases by running firebase use --add, 
[info] but for now we'll just set up a default project.
[info] 
[info] i  .firebaserc already has a default project, using wiesfu-garbage-collector-robot. 
[debug] [2021-06-13T06:08:49.334Z] >>> [apiv2][query] GET https://firebase.googleapis.com/v1beta1/projects/wiesfu-garbage-collector-robot [none]
[debug] [2021-06-13T06:08:49.516Z] <<< [apiv2][status] GET https://firebase.googleapis.com/v1beta1/projects/wiesfu-garbage-collector-robot 200
[debug] [2021-06-13T06:08:49.516Z] <<< [apiv2][body] GET https://firebase.googleapis.com/v1beta1/projects/wiesfu-garbage-collector-robot {"projectId":"wiesfu-garbage-collector-robot","projectNumber":"336219058551","displayName":"wie-garbage-collector-robot","name":"projects/wiesfu-garbage-collector-robot","resources":{"hostingSite":"wiesfu-garbage-collector-robot","realtimeDatabaseInstance":"wiesfu-garbage-collector-robot"},"state":"ACTIVE"}
[info] 
=== Hosting Setup
[info] 
[info] Your public directory is the folder (relative to your project directory) that
[info] will contain Hosting assets to be uploaded with firebase deploy. If you
[info] have a build process for your assets, use your build's output directory.
[info] 
[debug] [2021-06-13T06:08:54.969Z] >>> [apiv2][query] GET https://www.gstatic.com/firebasejs/releases.json [none]
[debug] [2021-06-13T06:08:55.011Z] <<< [apiv2][status] GET https://www.gstatic.com/firebasejs/releases.json 200
[debug] [2021-06-13T06:08:55.012Z] <<< [apiv2][body] GET https://www.gstatic.com/firebasejs/releases.json {"current":{"version":"8.6.7","browserURL":"https://www.gstatic.com/firebasejs/8.6.7/firebase.js","packageURL":"https://www.gstatic.com/firebasejs/8.6.7/firebase.tgz"},"live":{"version":"8.6","browserURL":"https://www.gstatic.com/firebasejs/live/8.6/firebase.js","packageURL":"https://www.gstatic.com/firebasejs/live/8.6/firebase.tgz"},"components":{"analytics":"https://www.gstatic.com/firebasejs/8.6.7/firebase-analytics.js","app":"https://www.gstatic.com/firebasejs/8.6.7/firebase-app.js","app-check":"https://www.gstatic.com/firebasejs/8.6.7/firebase-app-check.js","auth":"https://www.gstatic.com/firebasejs/8.6.7/firebase-auth.js","database":"https://www.gstatic.com/firebasejs/8.6.7/firebase-database.js","firestore":"https://www.gstatic.com/firebasejs/8.6.7/firebase-firestore.js","functions":"https://www.gstatic.com/firebasejs/8.6.7/firebase-functions.js","installations":"https://www.gstatic.com/firebasejs/8.6.7/firebase-installations.js","messaging":"https://www.gstatic.com/firebasejs/8.6.7/firebase-messaging.js","storage":"https://www.gstatic.com/firebasejs/8.6.7/firebase-storage.js","performance":"https://www.gstatic.com/firebasejs/8.6.7/firebase-performance.js","remote-config":"https://www.gstatic.com/firebasejs/8.6.7/firebase-remote-config.js","firestore.memory":"https://www.gstatic.com/firebasejs/8.6.7/firebase-firestore.memory.js"}}
[info] i  Skipping write of build/index.html 
[info] 
[info] i  Detected a .git folder at C:\Users\Rod\Desktop\WiE\GarbageCollectorRobot 
[info] i  Authorizing with GitHub to upload your service account to a GitHub repository's secrets store. 
[info] 
[info] Visit this URL on this device to log in:
[info] https://github.com/login/oauth/authorize?client_id=89cf50f02ac6aaed3484&state=844107451&redirect_uri=http%3A%2F%2Flocalhost%3A9005&scope=read%3Auser%20repo%20public_repo
[info] 
[info] Waiting for authentication...
[debug] [2021-06-13T06:08:57.030Z] >>> HTTP REQUEST POST https://github.com/login/oauth/access_token  
 {"client_id":"89cf50f02ac6aaed3484","client_secret":"3330d14abc895d9a74d5f17cd7a00711fa2c5bf0","code":"d1b2b3bc68223b960ca8","redirect_uri":"http://localhost:9005","state":"844107451"}
[debug] [2021-06-13T06:08:58.337Z] <<< HTTP RESPONSE 200 {"server":"GitHub.com","date":"Sun, 13 Jun 2021 06:08:58 GMT","content-type":"application/json; charset=utf-8","transfer-encoding":"chunked","vary":"X-PJAX, Accept-Encoding, Accept, X-Requested-With","permissions-policy":"interest-cohort=()","etag":"W/\"94f5cd7382ee7f01eb41f870a1ebdbc3\"","cache-control":"max-age=0, private, must-revalidate","strict-transport-security":"max-age=31536000; includeSubdomains; preload","x-frame-options":"deny","x-content-type-options":"nosniff","x-xss-protection":"0","referrer-policy":"origin-when-cross-origin, strict-origin-when-cross-origin","expect-ct":"max-age=2592000, report-uri=\"https://api.github.com/_private/browser/errors\"","content-security-policy":"default-src 'none'; base-uri 'self'; block-all-mixed-content; connect-src 'self' uploads.github.com www.githubstatus.com collector.githubapp.com api.github.com github-cloud.s3.amazonaws.com github-production-repository-file-5c1aeb.s3.amazonaws.com github-production-upload-manifest-file-7fdce7.s3.amazonaws.com github-production-user-asset-6210df.s3.amazonaws.com html-translator.herokuapp.com cdn.optimizely.com logx.optimizely.com/v1/events wss://alive.github.com; font-src github.githubassets.com; form-action 'self' github.com gist.github.com; frame-ancestors 'none'; frame-src render.githubusercontent.com; img-src 'self' data: github.githubassets.com identicons.github.com collector.githubapp.com github-cloud.s3.amazonaws.com secured-user-images.githubusercontent.com/ *.githubusercontent.com; manifest-src 'self'; media-src 'none'; script-src github.githubassets.com; style-src 'unsafe-inline' github.githubassets.com; worker-src github.com/socket-worker-3f088aa2.js gist.github.com/socket-worker-3f088aa2.js","x-github-request-id":"C6ED:14D9:EDE1F8:164D399:60C5A0FA"}
[debug] [2021-06-13T06:08:58.338Z] >>> [apiv2][query] GET https://api.github.com/user [none]
[debug] [2021-06-13T06:08:59.670Z] <<< [apiv2][status] GET https://api.github.com/user 200
[debug] [2021-06-13T06:08:59.670Z] <<< [apiv2][body] GET https://api.github.com/user {"login":"dbigueta","id":37463552,"node_id":"MDQ6VXNlcjM3NDYzNTUy","avatar_url":"https://avatars.githubusercontent.com/u/37463552?v=4","gravatar_id":"","url":"https://api.github.com/users/dbigueta","html_url":"https://github.com/dbigueta","followers_url":"https://api.github.com/users/dbigueta/followers","following_url":"https://api.github.com/users/dbigueta/following{/other_user}","gists_url":"https://api.github.com/users/dbigueta/gists{/gist_id}","starred_url":"https://api.github.com/users/dbigueta/starred{/owner}{/repo}","subscriptions_url":"https://api.github.com/users/dbigueta/subscriptions","organizations_url":"https://api.github.com/users/dbigueta/orgs","repos_url":"https://api.github.com/users/dbigueta/repos","events_url":"https://api.github.com/users/dbigueta/events{/privacy}","received_events_url":"https://api.github.com/users/dbigueta/received_events","type":"User","site_admin":false,"name":"Dexter Bigueta","company":null,"blog":"","location":null,"email":null,"hireable":null,"bio":"\")","twitter_username":null,"public_repos":5,"public_gists":0,"followers":0,"following":0,"created_at":"2018-03-17T02:43:17Z","updated_at":"2021-05-22T21:09:33Z","private_gists":0,"total_private_repos":1,"owned_private_repos":1,"disk_usage":49833,"collaborators":0,"two_factor_authentication":false,"plan":{"name":"pro","space":976562499,"collaborators":0,"private_repos":9999}}
[info] 
[info] +  Success! Logged into GitHub as dbigueta 
[info] 
[debug] [2021-06-13T06:34:12.391Z] ----------------------------------------------------------------------
[debug] [2021-06-13T06:34:12.394Z] Command:       C:\Program Files\nodejs\node.exe C:\Users\Rod\AppData\Roaming\npm\node_modules\firebase-tools\lib\bin\firebase.js init
[debug] [2021-06-13T06:34:12.394Z] CLI Version:   9.2.2
[debug] [2021-06-13T06:34:12.395Z] Platform:      win32
[debug] [2021-06-13T06:34:12.395Z] Node Version:  v12.18.0
[debug] [2021-06-13T06:34:12.396Z] Time:          Sat Jun 12 2021 23:34:12 GMT-0700 (Pacific Daylight Time)
[debug] [2021-06-13T06:34:12.396Z] ----------------------------------------------------------------------
[debug] [2021-06-13T06:34:12.396Z] 
[debug] [2021-06-13T06:34:12.404Z] > command requires scopes: ["email","openid","https://www.googleapis.com/auth/cloudplatformprojects.readonly","https://www.googleapis.com/auth/firebase","https://www.googleapis.com/auth/cloud-platform"]
[debug] [2021-06-13T06:34:12.405Z] > authorizing via signed-in user
[info] 
     ######## #### ########  ######## ########     ###     ######  ########
     ##        ##  ##     ## ##       ##     ##  ##   ##  ##       ##
     ######    ##  ########  ######   ########  #########  ######  ######
     ##        ##  ##    ##  ##       ##     ## ##     ##       ## ##
     ##       #### ##     ## ######## ########  ##     ##  ######  ########

You're about to initialize a Firebase project in this directory:

  C:\Users\Rod\Desktop\WiE\GarbageCollectorRobot

Before we get started, keep in mind:

  * You are initializing in an existing Firebase project directory

[info] 
=== Project Setup
[info] 
[info] First, let's associate this project directory with a Firebase project.
[info] You can create multiple project aliases by running firebase use --add, 
[info] but for now we'll just set up a default project.
[info] 
[info] i  .firebaserc already has a default project, using wiesfu-garbage-collector-robot. 
[debug] [2021-06-13T06:34:16.282Z] >>> [apiv2][query] GET https://firebase.googleapis.com/v1beta1/projects/wiesfu-garbage-collector-robot [none]
[debug] [2021-06-13T06:34:16.500Z] <<< [apiv2][status] GET https://firebase.googleapis.com/v1beta1/projects/wiesfu-garbage-collector-robot 200
[debug] [2021-06-13T06:34:16.501Z] <<< [apiv2][body] GET https://firebase.googleapis.com/v1beta1/projects/wiesfu-garbage-collector-robot {"projectId":"wiesfu-garbage-collector-robot","projectNumber":"336219058551","displayName":"wie-garbage-collector-robot","name":"projects/wiesfu-garbage-collector-robot","resources":{"hostingSite":"wiesfu-garbage-collector-robot","realtimeDatabaseInstance":"wiesfu-garbage-collector-robot"},"state":"ACTIVE"}
[info] 
=== Hosting Setup
[info] 
[info] Your public directory is the folder (relative to your project directory) that
[info] will contain Hosting assets to be uploaded with firebase deploy. If you
[info] have a build process for your assets, use your build's output directory.
[info] 
[debug] [2021-06-13T06:34:21.543Z] >>> [apiv2][query] GET https://www.gstatic.com/firebasejs/releases.json [none]
[debug] [2021-06-13T06:34:21.619Z] <<< [apiv2][status] GET https://www.gstatic.com/firebasejs/releases.json 200
[debug] [2021-06-13T06:34:21.619Z] <<< [apiv2][body] GET https://www.gstatic.com/firebasejs/releases.json {"current":{"version":"8.6.7","browserURL":"https://www.gstatic.com/firebasejs/8.6.7/firebase.js","packageURL":"https://www.gstatic.com/firebasejs/8.6.7/firebase.tgz"},"live":{"version":"8.6","browserURL":"https://www.gstatic.com/firebasejs/live/8.6/firebase.js","packageURL":"https://www.gstatic.com/firebasejs/live/8.6/firebase.tgz"},"components":{"analytics":"https://www.gstatic.com/firebasejs/8.6.7/firebase-analytics.js","app":"https://www.gstatic.com/firebasejs/8.6.7/firebase-app.js","app-check":"https://www.gstatic.com/firebasejs/8.6.7/firebase-app-check.js","auth":"https://www.gstatic.com/firebasejs/8.6.7/firebase-auth.js","database":"https://www.gstatic.com/firebasejs/8.6.7/firebase-database.js","firestore":"https://www.gstatic.com/firebasejs/8.6.7/firebase-firestore.js","functions":"https://www.gstatic.com/firebasejs/8.6.7/firebase-functions.js","installations":"https://www.gstatic.com/firebasejs/8.6.7/firebase-installations.js","messaging":"https://www.gstatic.com/firebasejs/8.6.7/firebase-messaging.js","storage":"https://www.gstatic.com/firebasejs/8.6.7/firebase-storage.js","performance":"https://www.gstatic.com/firebasejs/8.6.7/firebase-performance.js","remote-config":"https://www.gstatic.com/firebasejs/8.6.7/firebase-remote-config.js","firestore.memory":"https://www.gstatic.com/firebasejs/8.6.7/firebase-firestore.memory.js"}}
[info] i  Skipping write of build/index.html 
[info] 
[info] i  Detected a .git folder at C:\Users\Rod\Desktop\WiE\GarbageCollectorRobot 
[info] i  Authorizing with GitHub to upload your service account to a GitHub repository's secrets store. 
[info] 
[info] Visit this URL on this device to log in:
[info] https://github.com/login/oauth/authorize?client_id=89cf50f02ac6aaed3484&state=979172263&redirect_uri=http%3A%2F%2Flocalhost%3A9005&scope=read%3Auser%20repo%20public_repo
[info] 
[info] Waiting for authentication...
[debug] [2021-06-13T06:34:29.873Z] >>> HTTP REQUEST POST https://github.com/login/oauth/access_token  
 {"client_id":"89cf50f02ac6aaed3484","client_secret":"3330d14abc895d9a74d5f17cd7a00711fa2c5bf0","code":"327d73ed60423b8b3b67","redirect_uri":"http://localhost:9005","state":"979172263"}
[debug] [2021-06-13T06:34:30.203Z] <<< HTTP RESPONSE 200 {"server":"GitHub.com","date":"Sun, 13 Jun 2021 06:34:30 GMT","content-type":"application/json; charset=utf-8","transfer-encoding":"chunked","vary":"X-PJAX, Accept-Encoding, Accept, X-Requested-With","permissions-policy":"interest-cohort=()","etag":"W/\"fb1dc06cd3088a0a2f156a47eecd7dcb\"","cache-control":"max-age=0, private, must-revalidate","strict-transport-security":"max-age=31536000; includeSubdomains; preload","x-frame-options":"deny","x-content-type-options":"nosniff","x-xss-protection":"0","referrer-policy":"origin-when-cross-origin, strict-origin-when-cross-origin","expect-ct":"max-age=2592000, report-uri=\"https://api.github.com/_private/browser/errors\"","content-security-policy":"default-src 'none'; base-uri 'self'; block-all-mixed-content; connect-src 'self' uploads.github.com www.githubstatus.com collector.githubapp.com api.github.com github-cloud.s3.amazonaws.com github-production-repository-file-5c1aeb.s3.amazonaws.com github-production-upload-manifest-file-7fdce7.s3.amazonaws.com github-production-user-asset-6210df.s3.amazonaws.com html-translator.herokuapp.com cdn.optimizely.com logx.optimizely.com/v1/events wss://alive.github.com; font-src github.githubassets.com; form-action 'self' github.com gist.github.com; frame-ancestors 'none'; frame-src render.githubusercontent.com; img-src 'self' data: github.githubassets.com identicons.github.com collector.githubapp.com github-cloud.s3.amazonaws.com secured-user-images.githubusercontent.com/ *.githubusercontent.com; manifest-src 'self'; media-src 'none'; script-src github.githubassets.com; style-src 'unsafe-inline' github.githubassets.com; worker-src github.com/socket-worker-3f088aa2.js gist.github.com/socket-worker-3f088aa2.js","x-github-request-id":"C7C6:025A:913707:D26BE5:60C5A6F5"}
[debug] [2021-06-13T06:34:30.204Z] >>> [apiv2][query] GET https://api.github.com/user [none]
[debug] [2021-06-13T06:34:30.538Z] <<< [apiv2][status] GET https://api.github.com/user 200
[debug] [2021-06-13T06:34:30.538Z] <<< [apiv2][body] GET https://api.github.com/user {"login":"wie-sfu","id":71611405,"node_id":"MDQ6VXNlcjcxNjExNDA1","avatar_url":"https://avatars.githubusercontent.com/u/71611405?v=4","gravatar_id":"","url":"https://api.github.com/users/wie-sfu","html_url":"https://github.com/wie-sfu","followers_url":"https://api.github.com/users/wie-sfu/followers","following_url":"https://api.github.com/users/wie-sfu/following{/other_user}","gists_url":"https://api.github.com/users/wie-sfu/gists{/gist_id}","starred_url":"https://api.github.com/users/wie-sfu/starred{/owner}{/repo}","subscriptions_url":"https://api.github.com/users/wie-sfu/subscriptions","organizations_url":"https://api.github.com/users/wie-sfu/orgs","repos_url":"https://api.github.com/users/wie-sfu/repos","events_url":"https://api.github.com/users/wie-sfu/events{/privacy}","received_events_url":"https://api.github.com/users/wie-sfu/received_events","type":"User","site_admin":false,"name":"Women in Engineering SFU","company":null,"blog":"www.sfu.ca/clubs/wie.html","location":"Burnaby, British Columbia","email":"wie@sfu.ca","hireable":null,"bio":null,"twitter_username":null,"public_repos":0,"public_gists":0,"followers":0,"following":0,"created_at":"2020-09-20T21:32:06Z","updated_at":"2021-06-13T06:32:45Z","private_gists":0,"total_private_repos":0,"owned_private_repos":0,"disk_usage":0,"collaborators":0,"two_factor_authentication":false,"plan":{"name":"free","space":976562499,"collaborators":0,"private_repos":10000}}
[info] 
[info] +  Success! Logged into GitHub as wie-sfu 
[info] 
[debug] [2021-06-13T06:35:44.652Z] >>> [apiv2][query] GET https://api.github.com/repos/wiedesign/GarbageCollectorRobot/actions/secrets/public-key type=owner
[debug] [2021-06-13T06:35:44.939Z] <<< [apiv2][status] GET https://api.github.com/repos/wiedesign/GarbageCollectorRobot/actions/secrets/public-key 403
[debug] [2021-06-13T06:35:44.939Z] <<< [apiv2][body] GET https://api.github.com/repos/wiedesign/GarbageCollectorRobot/actions/secrets/public-key {"message":"Must have admin rights to Repository.","documentation_url":"https://docs.github.com/rest/reference/actions#get-a-repository-public-key"}
[debug] [2021-06-13T06:35:47.835Z] >>> [apiv2][query] GET https://api.github.com/repos//actions/secrets/public-key type=owner
[debug] [2021-06-13T06:35:48.108Z] <<< [apiv2][status] GET https://api.github.com/repos//actions/secrets/public-key 404
[debug] [2021-06-13T06:35:48.108Z] <<< [apiv2][body] GET https://api.github.com/repos//actions/secrets/public-key {"message":"Not Found","documentation_url":"https://docs.github.com/rest"}
